[${project.name}][${env:SERVER_PORT}] 2021-11-30 13:00:14,971 ERROR [DubboServerHandler-192.168.253.1:20880-thread-28][ExceptionFilter.java:86] -  [DUBBO] Got unchecked and undeclared exception which called by 192.168.253.1. service: com.shanjupay.user.api.TenantService, method: login, exception: java.lang.NoClassDefFoundError: Could not initialize class com.shanjupay.user.convert.AccountConvert, dubbo version: 2.7.3, current host: 192.168.253.1
java.lang.NoClassDefFoundError: Could not initialize class com.shanjupay.user.convert.AccountConvert
	at com.shanjupay.user.service.TenantServiceImpl.getAccountByUsername(TenantServiceImpl.java:521)
	at com.shanjupay.user.service.TenantServiceImpl.authentication(TenantServiceImpl.java:654)
	at com.shanjupay.user.service.TenantServiceImpl.login(TenantServiceImpl.java:710)
	at com.shanjupay.user.service.TenantServiceImpl$$FastClassBySpringCGLIB$$5c82a28f.invoke(<generated>)
	at org.springframework.cglib.proxy.MethodProxy.invoke(MethodProxy.java:218)
	at org.springframework.aop.framework.CglibAopProxy$CglibMethodInvocation.invokeJoinpoint(CglibAopProxy.java:749)
	at org.springframework.aop.framework.ReflectiveMethodInvocation.proceed(ReflectiveMethodInvocation.java:163)
	at com.alibaba.druid.support.spring.stat.DruidStatInterceptor.invoke(DruidStatInterceptor.java:73)
	at org.springframework.aop.framework.ReflectiveMethodInvocation.proceed(ReflectiveMethodInvocation.java:186)
	at org.springframework.aop.framework.CglibAopProxy$DynamicAdvisedInterceptor.intercept(CglibAopProxy.java:688)
	at com.shanjupay.user.service.TenantServiceImpl$$EnhancerBySpringCGLIB$$eaea3c4a.login(<generated>)
	at com.shanjupay.user.service.TenantServiceImpl$$FastClassBySpringCGLIB$$5c82a28f.invoke(<generated>)
	at org.springframework.cglib.proxy.MethodProxy.invoke(MethodProxy.java:218)
	at org.springframework.aop.framework.CglibAopProxy$CglibMethodInvocation.invokeJoinpoint(CglibAopProxy.java:749)
	at org.springframework.aop.framework.ReflectiveMethodInvocation.proceed(ReflectiveMethodInvocation.java:163)
	at com.alibaba.druid.support.spring.stat.DruidStatInterceptor.invoke(DruidStatInterceptor.java:73)
	at org.springframework.aop.framework.ReflectiveMethodInvocation.proceed(ReflectiveMethodInvocation.java:186)
	at org.springframework.aop.framework.CglibAopProxy$DynamicAdvisedInterceptor.intercept(CglibAopProxy.java:688)
	at com.shanjupay.user.service.TenantServiceImpl$$EnhancerBySpringCGLIB$$edd9fad2.login(<generated>)
	at org.apache.dubbo.common.bytecode.Wrapper3.invokeMethod(Wrapper3.java)
	at org.apache.dubbo.rpc.proxy.javassist.JavassistProxyFactory$1.doInvoke(JavassistProxyFactory.java:47)
	at org.apache.dubbo.rpc.proxy.AbstractProxyInvoker.invoke(AbstractProxyInvoker.java:84)
	at org.apache.dubbo.config.invoker.DelegateProviderMetaDataInvoker.invoke(DelegateProviderMetaDataInvoker.java:56)
	at org.apache.dubbo.rpc.protocol.InvokerWrapper.invoke(InvokerWrapper.java:56)
	at org.apache.dubbo.rpc.filter.ExceptionFilter.invoke(ExceptionFilter.java:55)
	at org.apache.dubbo.rpc.protocol.ProtocolFilterWrapper$1.invoke(ProtocolFilterWrapper.java:82)
	at org.apache.dubbo.monitor.support.MonitorFilter.invoke(MonitorFilter.java:92)
	at org.apache.dubbo.rpc.protocol.ProtocolFilterWrapper$1.invoke(ProtocolFilterWrapper.java:82)
	at org.apache.dubbo.rpc.filter.TimeoutFilter.invoke(TimeoutFilter.java:48)
	at org.apache.dubbo.rpc.protocol.ProtocolFilterWrapper$1.invoke(ProtocolFilterWrapper.java:82)
	at org.apache.dubbo.rpc.protocol.dubbo.filter.TraceFilter.invoke(TraceFilter.java:81)
	at org.apache.dubbo.rpc.protocol.ProtocolFilterWrapper$1.invoke(ProtocolFilterWrapper.java:82)
	at org.apache.dubbo.rpc.filter.ContextFilter.invoke(ContextFilter.java:96)
	at org.apache.dubbo.rpc.protocol.ProtocolFilterWrapper$1.invoke(ProtocolFilterWrapper.java:82)
	at org.apache.dubbo.rpc.filter.GenericFilter.invoke(GenericFilter.java:148)
	at org.apache.dubbo.rpc.protocol.ProtocolFilterWrapper$1.invoke(ProtocolFilterWrapper.java:82)
	at org.apache.dubbo.rpc.filter.ClassLoaderFilter.invoke(ClassLoaderFilter.java:38)
	at org.apache.dubbo.rpc.protocol.ProtocolFilterWrapper$1.invoke(ProtocolFilterWrapper.java:82)
	at org.apache.dubbo.rpc.filter.EchoFilter.invoke(EchoFilter.java:41)
	at org.apache.dubbo.rpc.protocol.ProtocolFilterWrapper$1.invoke(ProtocolFilterWrapper.java:82)
	at org.apache.dubbo.rpc.protocol.ProtocolFilterWrapper$CallbackRegistrationInvoker.invoke(ProtocolFilterWrapper.java:157)
	at org.apache.dubbo.rpc.protocol.dubbo.DubboProtocol$1.reply(DubboProtocol.java:152)
	at org.apache.dubbo.remoting.exchange.support.header.HeaderExchangeHandler.handleRequest(HeaderExchangeHandler.java:102)
	at org.apache.dubbo.remoting.exchange.support.header.HeaderExchangeHandler.received(HeaderExchangeHandler.java:193)
	at org.apache.dubbo.remoting.transport.DecodeHandler.received(DecodeHandler.java:51)
	at org.apache.dubbo.remoting.transport.dispatcher.ChannelEventRunnable.run(ChannelEventRunnable.java:57)
	at java.util.concurrent.ThreadPoolExecutor.runWorker(ThreadPoolExecutor.java:1142)
	at java.util.concurrent.ThreadPoolExecutor$Worker.run(ThreadPoolExecutor.java:617)
	at java.lang.Thread.run(Thread.java:745)
